2025-01-04T16:49:42.367+02:00  INFO 15444 --- [CRUD-Repository] [main] c.fapah.crud.CrudRepositoryApplication   : Starting CrudRepositoryApplication using Java 17 with PID 15444 (D:\Java\Spring\CRUD-Repository\target\classes started by fapah in D:\Java\Spring\CRUD-Repository)
2025-01-04T16:49:42.369+02:00  INFO 15444 --- [CRUD-Repository] [main] c.fapah.crud.CrudRepositoryApplication   : No active profile set, falling back to 1 default profile: "default"
2025-01-04T16:49:42.817+02:00  INFO 15444 --- [CRUD-Repository] [main] .s.d.r.c.RepositoryConfigurationDelegate : Bootstrapping Spring Data JPA repositories in DEFAULT mode.
2025-01-04T16:49:42.862+02:00  INFO 15444 --- [CRUD-Repository] [main] .s.d.r.c.RepositoryConfigurationDelegate : Finished Spring Data repository scanning in 39 ms. Found 3 JPA repository interfaces.
2025-01-04T16:49:43.196+02:00  INFO 15444 --- [CRUD-Repository] [main] o.s.b.w.embedded.tomcat.TomcatWebServer  : Tomcat initialized with port 8081 (http)
2025-01-04T16:49:43.206+02:00  INFO 15444 --- [CRUD-Repository] [main] o.apache.catalina.core.StandardService   : Starting service [Tomcat]
2025-01-04T16:49:43.207+02:00  INFO 15444 --- [CRUD-Repository] [main] o.apache.catalina.core.StandardEngine    : Starting Servlet engine: [Apache Tomcat/10.1.34]
2025-01-04T16:49:43.260+02:00  INFO 15444 --- [CRUD-Repository] [main] o.a.c.c.C.[Tomcat].[localhost].[/]       : Initializing Spring embedded WebApplicationContext
2025-01-04T16:49:43.260+02:00  INFO 15444 --- [CRUD-Repository] [main] w.s.c.ServletWebServerApplicationContext : Root WebApplicationContext: initialization completed in 862 ms
2025-01-04T16:49:43.360+02:00  INFO 15444 --- [CRUD-Repository] [main] o.hibernate.jpa.internal.util.LogHelper  : HHH000204: Processing PersistenceUnitInfo [name: default]
2025-01-04T16:49:43.398+02:00  INFO 15444 --- [CRUD-Repository] [main] org.hibernate.Version                    : HHH000412: Hibernate ORM core version 6.6.4.Final
2025-01-04T16:49:43.422+02:00  INFO 15444 --- [CRUD-Repository] [main] o.h.c.internal.RegionFactoryInitiator    : HHH000026: Second-level cache disabled
2025-01-04T16:49:43.608+02:00  INFO 15444 --- [CRUD-Repository] [main] o.s.o.j.p.SpringPersistenceUnitInfo      : No LoadTimeWeaver setup: ignoring JPA class transformer
2025-01-04T16:49:43.634+02:00  INFO 15444 --- [CRUD-Repository] [main] com.zaxxer.hikari.HikariDataSource       : HikariPool-1 - Starting...
2025-01-04T16:49:43.760+02:00  INFO 15444 --- [CRUD-Repository] [main] com.zaxxer.hikari.pool.HikariPool        : HikariPool-1 - Added connection org.postgresql.jdbc.PgConnection@7f8c48f3
2025-01-04T16:49:43.761+02:00  INFO 15444 --- [CRUD-Repository] [main] com.zaxxer.hikari.HikariDataSource       : HikariPool-1 - Start completed.
2025-01-04T16:49:43.788+02:00  WARN 15444 --- [CRUD-Repository] [main] org.hibernate.orm.deprecation            : HHH90000025: PostgreSQLDialect does not need to be specified explicitly using 'hibernate.dialect' (remove the property setting and it will be selected by default)
2025-01-04T16:49:43.802+02:00  INFO 15444 --- [CRUD-Repository] [main] org.hibernate.orm.connections.pooling    : HHH10001005: Database info:
	Database JDBC URL [Connecting through datasource 'HikariDataSource (HikariPool-1)']
	Database driver: undefined/unknown
	Database version: 17.2
	Autocommit mode: undefined/unknown
	Isolation level: undefined/unknown
	Minimum pool size: undefined/unknown
	Maximum pool size: undefined/unknown
2025-01-04T16:49:44.445+02:00  INFO 15444 --- [CRUD-Repository] [main] o.h.e.t.j.p.i.JtaPlatformInitiator       : HHH000489: No JTA platform available (set 'hibernate.transaction.jta.platform' to enable JTA platform integration)
2025-01-04T16:49:44.508+02:00  INFO 15444 --- [CRUD-Repository] [main] j.LocalContainerEntityManagerFactoryBean : Initialized JPA EntityManagerFactory for persistence unit 'default'
2025-01-04T16:49:44.715+02:00  WARN 15444 --- [CRUD-Repository] [main] JpaBaseConfiguration$JpaWebConfiguration : spring.jpa.open-in-view is enabled by default. Therefore, database queries may be performed during view rendering. Explicitly configure spring.jpa.open-in-view to disable this warning
2025-01-04T16:49:44.960+02:00  INFO 15444 --- [CRUD-Repository] [main] o.s.b.w.embedded.tomcat.TomcatWebServer  : Tomcat started on port 8081 (http) with context path '/'
2025-01-04T16:49:44.968+02:00  INFO 15444 --- [CRUD-Repository] [main] c.fapah.crud.CrudRepositoryApplication   : Started CrudRepositoryApplication in 2.916 seconds (process running for 3.344)
2025-01-04T16:49:59.863+02:00  INFO 15444 --- [CRUD-Repository] [http-nio-8081-exec-2] o.a.c.c.C.[Tomcat].[localhost].[/]       : Initializing Spring DispatcherServlet 'dispatcherServlet'
2025-01-04T16:49:59.863+02:00  INFO 15444 --- [CRUD-Repository] [http-nio-8081-exec-2] o.s.web.servlet.DispatcherServlet        : Initializing Servlet 'dispatcherServlet'
2025-01-04T16:49:59.864+02:00  INFO 15444 --- [CRUD-Repository] [http-nio-8081-exec-2] o.s.web.servlet.DispatcherServlet        : Completed initialization in 0 ms
2025-01-04T16:49:59.935+02:00  INFO 15444 --- [CRUD-Repository] [http-nio-8081-exec-2] c.f.crud.service.DepartmentServiceImpl   : Adding department Department(departmentId=0, departmentName=ABOBA, employees=null)
2025-01-04T16:50:22.974+02:00  INFO 15444 --- [CRUD-Repository] [SpringApplicationShutdownHook] o.s.b.w.e.tomcat.GracefulShutdown        : Commencing graceful shutdown. Waiting for active requests to complete
2025-01-04T16:50:23.054+02:00  INFO 15444 --- [CRUD-Repository] [tomcat-shutdown] o.s.b.w.e.tomcat.GracefulShutdown        : Graceful shutdown complete
2025-01-04T16:50:23.058+02:00  INFO 15444 --- [CRUD-Repository] [SpringApplicationShutdownHook] j.LocalContainerEntityManagerFactoryBean : Closing JPA EntityManagerFactory for persistence unit 'default'
2025-01-04T16:50:23.060+02:00  INFO 15444 --- [CRUD-Repository] [SpringApplicationShutdownHook] com.zaxxer.hikari.HikariDataSource       : HikariPool-1 - Shutdown initiated...
2025-01-04T16:50:23.062+02:00  INFO 15444 --- [CRUD-Repository] [SpringApplicationShutdownHook] com.zaxxer.hikari.HikariDataSource       : HikariPool-1 - Shutdown completed.
